[INFO] 14:41  Runserver 
[INFO] 14:41 (1) is connect
[WARNING] 14:41 serch set()
[INFO] 14:41 
tournament_bd0084c9-5747-40c7-9531-9c33a94f557d
['1']

[INFO] 14:41 (2) is connect
[WARNING] 14:41 serch {'tournament_bd0084c9-5747-40c7-9531-9c33a94f557d'}
[INFO] 14:41 
tournament_bd0084c9-5747-40c7-9531-9c33a94f557d
['1', '2']

[INFO] 14:41 (3) is connect
[WARNING] 14:41 serch {'tournament_bd0084c9-5747-40c7-9531-9c33a94f557d'}
[INFO] 14:41 
tournament_bd0084c9-5747-40c7-9531-9c33a94f557d
['1', '2', '3']

[INFO] 14:41 (4) is connect
[WARNING] 14:41 serch {'tournament_bd0084c9-5747-40c7-9531-9c33a94f557d'}
[INFO] 14:41 
tournament_bd0084c9-5747-40c7-9531-9c33a94f557d
['1', '2', '3', '4']

[INFO] 14:41 (1) is disconnect
[INFO] 14:41 
tournament_bd0084c9-5747-40c7-9531-9c33a94f557d
['1', '2', '3', '4']

[INFO] 14:41 (2) is disconnect
[INFO] 14:41 
tournament_bd0084c9-5747-40c7-9531-9c33a94f557d
['1', '2', '3', '4']

[INFO] 14:41 (3) is disconnect
[INFO] 14:41 
tournament_bd0084c9-5747-40c7-9531-9c33a94f557d
['1', '2', '3', '4']

[ERROR] 14:41 exeption in broadcast_dashboard tournament: 'tournament_bd0084c9-5747-40c7-9531-9c33a94f557d'
[INFO] 14:41 (4) is disconnect
[INFO] 14:41 

[INFO] 14:42 (1) is connect
[WARNING] 14:42 serch set()
[INFO] 14:42 
tournament_f6f2fef7-28e3-46d9-b8b0-147f8d68f61b
['1']

[INFO] 14:42 (3) is connect
[WARNING] 14:42 serch {'tournament_f6f2fef7-28e3-46d9-b8b0-147f8d68f61b'}
[INFO] 14:42 
tournament_f6f2fef7-28e3-46d9-b8b0-147f8d68f61b
['1', '3']

[INFO] 14:42 (4) is connect
[WARNING] 14:42 serch {'tournament_f6f2fef7-28e3-46d9-b8b0-147f8d68f61b'}
[INFO] 14:42 
tournament_f6f2fef7-28e3-46d9-b8b0-147f8d68f61b
['1', '3', '4']

[INFO] 14:42 (4) is disconnect
[INFO] 14:42 
tournament_f6f2fef7-28e3-46d9-b8b0-147f8d68f61b
['1', '3']

[INFO] 14:48 (1) is disconnect
[INFO] 14:48 
tournament_f6f2fef7-28e3-46d9-b8b0-147f8d68f61b
['3']

[ERROR] 14:48 exeption in broadcast_dashboard tournament: 'tournament_f6f2fef7-28e3-46d9-b8b0-147f8d68f61b'
[INFO] 14:48 (3) is disconnect
[INFO] 14:48 

